[www.gamegol.com.br/2.0/_home/indexd41d.html]
[backblue.gif]
[fade.gif]
[index.html]
[pagead2.googlesyndication.com/pagead/js/f.txt]
[www.gamegol.com.br/2.0/_home/imgs/pt-br/padrao/banners/gamegol_0001.jpg]
[www.gamegol.com.br/2.0/_home/imgs/pt-br/padrao/banners/gamegol_0002.jpg]
[www.gamegol.com.br/2.0/_home/imgs/pt-br/padrao/banners/gamegol_0003.jpg]
[www.gamegol.com.br/2.0/_home/imgs/pt-br/padrao/banners/gamegol_0004.jpg]
[www.gamegol.com.br/2.0/_home/imgs/pt-br/padrao/banners/gamegol_0005.jpg]
[www.gamegol.com.br/2.0/_home/imgs/pt-br/padrao/banners/gamegol_0006.jpg]
[www.gamegol.com.br/2.0/_home/imgs/pt-br/padrao/banners/gamegol_0007.jpg]
[www.gamegol.com.br/2.0/_home/indexd41d.html]
[www.gamegol.com.br/2.0/functions/js/jquery/jquery-1.7.1.min.js]
[www.gamegol.com.br/2.0/functions/js/jquery/ui/jquery-ui-1.8.20.custom.min.js]
[www.gamegol.com.br/2.0/_home/js/jquery.tooltip/jquery.tipTip.minified.js]
[www.gamegol.com.br/2.0/_home/css/pt-br/imgIcos.css]
[www.gamegol.com.br/2.0/funcoes/js/jquery.crypt.js]
[www.gamegol.com.br/2.0/_home/css/geral.css]
[www.gamegol.com.br/2.0/_home/js/scrollBanner.js]
[www.gamegol.com.br/2.0/_home/js/jquery.tooltip/tipTip.css]
[www.gamegol.com.br/2.0/_home/imgs/pt-br/padrao/icos/icos_top_jts.png]
[www.gamegol.com.br/2.0/_home/imgs/pt-br/padrao/bg/bgBarraTopo.jpg]
[scripts.cleverwebserver.com/c250ab4b1f65677a89918e818666c140.js]
[www.gamegol.com.br/2.0/_home/imgs/pt-br/padrao/bg/background_topo.jpg]
[www.gamegol.com.br/2.0/_home/imgs/pt-br/padrao/icos/logo_gamegol.png]
[www.gamegol.com.br/2.0/_home/imgs/pt-br/padrao/bg/bar_menu_inf.jpg]
[www.gamegol.com.br/2.0/_home/imgs/pt-br/padrao/bg/background_form.png]
[www.gamegol.com.br/2.0/_home/imgs/pt-br/padrao/bg/background_form_erro.png]
[www.gamegol.com.br/2.0/_home/imgs/pt-br/padrao/bg/back_top_cadastro.png]
[www.gamegol.com.br/2.0/funcoes/js/jquery.ui/css/ui-lightness/jquery-ui-1.8.16.custom.css]
[www.gamegol.com.br/2.0/_home/imgs/pt-br/padrao/bg/bg_tit_ranking.jpg]
[www.gamegol.com.br/2.0/_home/imgs/pt-br/padrao/bg/bar_rod_inf.jpg]
[www.gamegol.com.br/2.0/_home/imgs/pt-br/padrao/bg/rodape_background.jpg]
[www.gamegol.com.br/2.0/_home/imgs/pt-br/padrao/bg/botoes.jpg]
[www.gamegol.com.br/2.0/funcoes/js/jquery.ui/css/ui-lightness/images/ui-bg_highlight-soft_100_eeeeee_1x100.png]
[www.gamegol.com.br/2.0/funcoes/js/jquery.ui/css/ui-lightness/images/ui-bg_gloss-wave_35_f6a828_500x100.png]
[www.gamegol.com.br/2.0/funcoes/js/jquery.ui/css/ui-lightness/images/ui-bg_glass_100_f6f6f6_1x400.png]
[www.gamegol.com.br/2.0/funcoes/js/jquery.ui/css/ui-lightness/images/ui-bg_glass_100_fdf5ce_1x400.png]
[www.gamegol.com.br/2.0/funcoes/js/jquery.ui/css/ui-lightness/images/ui-bg_highlight-soft_75_ffe45c_1x100.png]
[www.gamegol.com.br/2.0/funcoes/js/jquery.ui/css/ui-lightness/images/ui-bg_diagonals-thick_18_b81900_40x40.png]
[www.gamegol.com.br/2.0/funcoes/js/jquery.ui/css/ui-lightness/images/ui-bg_glass_65_ffffff_1x400.png]
[www.gamegol.com.br/2.0/funcoes/js/jquery.ui/css/ui-lightness/images/ui-icons_222222_256x240.png]
[www.gamegol.com.br/2.0/funcoes/js/jquery.ui/css/ui-lightness/images/ui-icons_ffffff_256x240.png]
[www.gamegol.com.br/2.0/funcoes/js/jquery.ui/css/ui-lightness/images/ui-icons_ef8c08_256x240.png]
[www.gamegol.com.br/2.0/funcoes/js/jquery.ui/css/ui-lightness/images/ui-icons_228ef1_256x240.png]
[www.gamegol.com.br/2.0/funcoes/js/jquery.ui/css/ui-lightness/images/ui-icons_ffd27a_256x240.png]
[www.gamegol.com.br/2.0/funcoes/js/jquery.ui/css/ui-lightness/images/ui-bg_diagonals-thick_20_666666_40x40.png]
[www.gamegol.com.br/2.0/funcoes/js/jquery.ui/css/ui-lightness/images/ui-bg_flat_10_000000_40x100.png]
